CRITICAL - 2023-10-01 05:56:41 --> Invalid file: "shop.php"
in SYSTEMPATH\Exceptions\FrameworkException.php on line 39.
 1 SYSTEMPATH\View\View.php(214): CodeIgniter\Exceptions\FrameworkException::forInvalidFile('shop.php')
 2 SYSTEMPATH\Common.php(1188): CodeIgniter\View\View->render('shop', [], true)
 3 APPPATH\Controllers\Home.php(26): view('shop', [...])
 4 SYSTEMPATH\CodeIgniter.php(919): App\Controllers\Home->shop()
 5 SYSTEMPATH\CodeIgniter.php(494): CodeIgniter\CodeIgniter->runController(Object(App\Controllers\Home))
 6 SYSTEMPATH\CodeIgniter.php(353): CodeIgniter\CodeIgniter->handleRequest(null, Object(Config\Cache), false)
 7 FCPATH\index.php(79): CodeIgniter\CodeIgniter->run()
 8 SYSTEMPATH\Commands\Server\rewrite.php(47): require_once('C:\\laragon\\www\\laboratory3\\public\\index.php')
CRITICAL - 2023-10-01 08:45:18 --> Undefined variable $searchQuery
in APPPATH\Views\include\header.php on line 37.
 1 APPPATH\Views\include\header.php(37): CodeIgniter\Debug\Exceptions->errorHandler(2, 'Undefined variable $searchQuery', 'C:\\laragon\\www\\laboratory3\\app\\Views\\include\\header.php', 37)
 2 SYSTEMPATH\View\View.php(226): include('C:\\laragon\\www\\laboratory3\\app\\Views\\include\\header.php')
 3 SYSTEMPATH\View\View.php(229): CodeIgniter\View\View->CodeIgniter\View\{closure}()
 4 SYSTEMPATH\View\View.php(467): CodeIgniter\View\View->render('include/header', null, true)
 5 APPPATH\Views\anisette.php(3): CodeIgniter\View\View->include('include/header')
 6 SYSTEMPATH\View\View.php(226): include('C:\\laragon\\www\\laboratory3\\app\\Views\\anisette.php')
 7 SYSTEMPATH\View\View.php(229): CodeIgniter\View\View->CodeIgniter\View\{closure}()
 8 SYSTEMPATH\Common.php(1188): CodeIgniter\View\View->render('anisette', [], true)
 9 APPPATH\Controllers\Home.php(33): view('anisette', [...])
10 SYSTEMPATH\CodeIgniter.php(919): App\Controllers\Home->index()
11 SYSTEMPATH\CodeIgniter.php(494): CodeIgniter\CodeIgniter->runController(Object(App\Controllers\Home))
12 SYSTEMPATH\CodeIgniter.php(353): CodeIgniter\CodeIgniter->handleRequest(null, Object(Config\Cache), false)
13 FCPATH\index.php(79): CodeIgniter\CodeIgniter->run()
14 SYSTEMPATH\Commands\Server\rewrite.php(47): require_once('C:\\laragon\\www\\laboratory3\\public\\index.php')
CRITICAL - 2023-10-01 08:45:55 --> Undefined variable $searchQuery
in APPPATH\Views\include\header.php on line 37.
 1 APPPATH\Views\include\header.php(37): CodeIgniter\Debug\Exceptions->errorHandler(2, 'Undefined variable $searchQuery', 'C:\\laragon\\www\\laboratory3\\app\\Views\\include\\header.php', 37)
 2 SYSTEMPATH\View\View.php(226): include('C:\\laragon\\www\\laboratory3\\app\\Views\\include\\header.php')
 3 SYSTEMPATH\View\View.php(229): CodeIgniter\View\View->CodeIgniter\View\{closure}()
 4 SYSTEMPATH\View\View.php(467): CodeIgniter\View\View->render('include/header', null, true)
 5 APPPATH\Views\anisette.php(3): CodeIgniter\View\View->include('include/header')
 6 SYSTEMPATH\View\View.php(226): include('C:\\laragon\\www\\laboratory3\\app\\Views\\anisette.php')
 7 SYSTEMPATH\View\View.php(229): CodeIgniter\View\View->CodeIgniter\View\{closure}()
 8 SYSTEMPATH\Common.php(1188): CodeIgniter\View\View->render('anisette', [], true)
 9 APPPATH\Controllers\Home.php(33): view('anisette', [...])
10 SYSTEMPATH\CodeIgniter.php(919): App\Controllers\Home->index()
11 SYSTEMPATH\CodeIgniter.php(494): CodeIgniter\CodeIgniter->runController(Object(App\Controllers\Home))
12 SYSTEMPATH\CodeIgniter.php(353): CodeIgniter\CodeIgniter->handleRequest(null, Object(Config\Cache), false)
13 FCPATH\index.php(79): CodeIgniter\CodeIgniter->run()
14 SYSTEMPATH\Commands\Server\rewrite.php(47): require_once('C:\\laragon\\www\\laboratory3\\public\\index.php')
CRITICAL - 2023-10-01 08:45:56 --> Undefined variable $searchQuery
in APPPATH\Views\include\header.php on line 37.
 1 APPPATH\Views\include\header.php(37): CodeIgniter\Debug\Exceptions->errorHandler(2, 'Undefined variable $searchQuery', 'C:\\laragon\\www\\laboratory3\\app\\Views\\include\\header.php', 37)
 2 SYSTEMPATH\View\View.php(226): include('C:\\laragon\\www\\laboratory3\\app\\Views\\include\\header.php')
 3 SYSTEMPATH\View\View.php(229): CodeIgniter\View\View->CodeIgniter\View\{closure}()
 4 SYSTEMPATH\View\View.php(467): CodeIgniter\View\View->render('include/header', null, true)
 5 APPPATH\Views\anisette.php(3): CodeIgniter\View\View->include('include/header')
 6 SYSTEMPATH\View\View.php(226): include('C:\\laragon\\www\\laboratory3\\app\\Views\\anisette.php')
 7 SYSTEMPATH\View\View.php(229): CodeIgniter\View\View->CodeIgniter\View\{closure}()
 8 SYSTEMPATH\Common.php(1188): CodeIgniter\View\View->render('anisette', [], true)
 9 APPPATH\Controllers\Home.php(33): view('anisette', [...])
10 SYSTEMPATH\CodeIgniter.php(919): App\Controllers\Home->index()
11 SYSTEMPATH\CodeIgniter.php(494): CodeIgniter\CodeIgniter->runController(Object(App\Controllers\Home))
12 SYSTEMPATH\CodeIgniter.php(353): CodeIgniter\CodeIgniter->handleRequest(null, Object(Config\Cache), false)
13 FCPATH\index.php(79): CodeIgniter\CodeIgniter->run()
14 SYSTEMPATH\Commands\Server\rewrite.php(47): require_once('C:\\laragon\\www\\laboratory3\\public\\index.php')
CRITICAL - 2023-10-01 08:48:54 --> Invalid file: "search.php"
in SYSTEMPATH\Exceptions\FrameworkException.php on line 39.
 1 SYSTEMPATH\View\View.php(214): CodeIgniter\Exceptions\FrameworkException::forInvalidFile('search.php')
 2 SYSTEMPATH\Common.php(1188): CodeIgniter\View\View->render('search', [], true)
 3 APPPATH\Controllers\Home.php(65): view('search', [...])
 4 SYSTEMPATH\CodeIgniter.php(919): App\Controllers\Home->search()
 5 SYSTEMPATH\CodeIgniter.php(494): CodeIgniter\CodeIgniter->runController(Object(App\Controllers\Home))
 6 SYSTEMPATH\CodeIgniter.php(353): CodeIgniter\CodeIgniter->handleRequest(null, Object(Config\Cache), false)
 7 FCPATH\index.php(79): CodeIgniter\CodeIgniter->run()
 8 SYSTEMPATH\Commands\Server\rewrite.php(47): require_once('C:\\laragon\\www\\laboratory3\\public\\index.php')
CRITICAL - 2023-10-01 08:50:52 --> Undefined variable $searchQuery
in APPPATH\Views\include\header.php on line 74.
 1 APPPATH\Views\include\header.php(74): CodeIgniter\Debug\Exceptions->errorHandler(2, 'Undefined variable $searchQuery', 'C:\\laragon\\www\\laboratory3\\app\\Views\\include\\header.php', 74)
 2 SYSTEMPATH\View\View.php(226): include('C:\\laragon\\www\\laboratory3\\app\\Views\\include\\header.php')
 3 SYSTEMPATH\View\View.php(229): CodeIgniter\View\View->CodeIgniter\View\{closure}()
 4 SYSTEMPATH\View\View.php(467): CodeIgniter\View\View->render('include/header', null, true)
 5 APPPATH\Views\anisette.php(3): CodeIgniter\View\View->include('include/header')
 6 SYSTEMPATH\View\View.php(226): include('C:\\laragon\\www\\laboratory3\\app\\Views\\anisette.php')
 7 SYSTEMPATH\View\View.php(229): CodeIgniter\View\View->CodeIgniter\View\{closure}()
 8 SYSTEMPATH\Common.php(1188): CodeIgniter\View\View->render('anisette', [], true)
 9 APPPATH\Controllers\Home.php(33): view('anisette', [...])
10 SYSTEMPATH\CodeIgniter.php(919): App\Controllers\Home->index()
11 SYSTEMPATH\CodeIgniter.php(494): CodeIgniter\CodeIgniter->runController(Object(App\Controllers\Home))
12 SYSTEMPATH\CodeIgniter.php(353): CodeIgniter\CodeIgniter->handleRequest(null, Object(Config\Cache), false)
13 FCPATH\index.php(79): CodeIgniter\CodeIgniter->run()
14 SYSTEMPATH\Commands\Server\rewrite.php(47): require_once('C:\\laragon\\www\\laboratory3\\public\\index.php')
CRITICAL - 2023-10-01 08:50:54 --> Undefined variable $searchQuery
in APPPATH\Views\include\header.php on line 74.
 1 APPPATH\Views\include\header.php(74): CodeIgniter\Debug\Exceptions->errorHandler(2, 'Undefined variable $searchQuery', 'C:\\laragon\\www\\laboratory3\\app\\Views\\include\\header.php', 74)
 2 SYSTEMPATH\View\View.php(226): include('C:\\laragon\\www\\laboratory3\\app\\Views\\include\\header.php')
 3 SYSTEMPATH\View\View.php(229): CodeIgniter\View\View->CodeIgniter\View\{closure}()
 4 SYSTEMPATH\View\View.php(467): CodeIgniter\View\View->render('include/header', null, true)
 5 APPPATH\Views\anisette.php(3): CodeIgniter\View\View->include('include/header')
 6 SYSTEMPATH\View\View.php(226): include('C:\\laragon\\www\\laboratory3\\app\\Views\\anisette.php')
 7 SYSTEMPATH\View\View.php(229): CodeIgniter\View\View->CodeIgniter\View\{closure}()
 8 SYSTEMPATH\Common.php(1188): CodeIgniter\View\View->render('anisette', [], true)
 9 APPPATH\Controllers\Home.php(33): view('anisette', [...])
10 SYSTEMPATH\CodeIgniter.php(919): App\Controllers\Home->index()
11 SYSTEMPATH\CodeIgniter.php(494): CodeIgniter\CodeIgniter->runController(Object(App\Controllers\Home))
12 SYSTEMPATH\CodeIgniter.php(353): CodeIgniter\CodeIgniter->handleRequest(null, Object(Config\Cache), false)
13 FCPATH\index.php(79): CodeIgniter\CodeIgniter->run()
14 SYSTEMPATH\Commands\Server\rewrite.php(47): require_once('C:\\laragon\\www\\laboratory3\\public\\index.php')
CRITICAL - 2023-10-01 11:30:38 --> Undefined array key "ImageURL"
in APPPATH\Views\admin\include\data_table.php on line 141.
 1 APPPATH\Views\admin\include\data_table.php(141): CodeIgniter\Debug\Exceptions->errorHandler(2, 'Undefined array key "ImageURL"', 'C:\\laragon\\www\\laboratory3\\app\\Views\\admin\\include\\data_table.php', 141)
 2 SYSTEMPATH\View\View.php(226): include('C:\\laragon\\www\\laboratory3\\app\\Views\\admin\\include\\data_table.php')
 3 SYSTEMPATH\View\View.php(229): CodeIgniter\View\View->CodeIgniter\View\{closure}()
 4 SYSTEMPATH\Common.php(1188): CodeIgniter\View\View->render('admin/include/data_table', [], true)
 5 APPPATH\Controllers\AdminController.php(26): view('admin/include/data_table', [...])
 6 APPPATH\Controllers\AdminController.php(47): App\Controllers\AdminController->returnViewWithData('admin/include/data_table')
 7 SYSTEMPATH\CodeIgniter.php(919): App\Controllers\AdminController->data_table()
 8 SYSTEMPATH\CodeIgniter.php(494): CodeIgniter\CodeIgniter->runController(Object(App\Controllers\AdminController))
 9 SYSTEMPATH\CodeIgniter.php(353): CodeIgniter\CodeIgniter->handleRequest(null, Object(Config\Cache), false)
10 FCPATH\index.php(79): CodeIgniter\CodeIgniter->run()
11 SYSTEMPATH\Commands\Server\rewrite.php(47): require_once('C:\\laragon\\www\\laboratory3\\public\\index.php')
CRITICAL - 2023-10-01 12:41:15 --> Invalid file: "include/top1.php"
in SYSTEMPATH\Exceptions\FrameworkException.php on line 39.
 1 SYSTEMPATH\View\View.php(214): CodeIgniter\Exceptions\FrameworkException::forInvalidFile('include/top1.php')
 2 SYSTEMPATH\View\View.php(467): CodeIgniter\View\View->render('include/top1', null, true)
 3 APPPATH\Views\admin\include\index.php(11): CodeIgniter\View\View->include('include/top1')
 4 SYSTEMPATH\View\View.php(226): include('C:\\laragon\\www\\laboratory3\\app\\Views\\admin\\include\\index.php')
 5 SYSTEMPATH\View\View.php(229): CodeIgniter\View\View->CodeIgniter\View\{closure}()
 6 SYSTEMPATH\Common.php(1188): CodeIgniter\View\View->render('admin/include/index', [], true)
 7 APPPATH\Controllers\AdminController.php(26): view('admin/include/index', [...])
 8 APPPATH\Controllers\AdminController.php(36): App\Controllers\AdminController->returnViewWithData('admin/include/index')
 9 SYSTEMPATH\CodeIgniter.php(919): App\Controllers\AdminController->admin()
10 SYSTEMPATH\CodeIgniter.php(494): CodeIgniter\CodeIgniter->runController(Object(App\Controllers\AdminController))
11 SYSTEMPATH\CodeIgniter.php(353): CodeIgniter\CodeIgniter->handleRequest(null, Object(Config\Cache), false)
12 FCPATH\index.php(79): CodeIgniter\CodeIgniter->run()
13 SYSTEMPATH\Commands\Server\rewrite.php(47): require_once('C:\\laragon\\www\\laboratory3\\public\\index.php')
